<?xml version="1.0" encoding="UTF-8"?>
<testng-results ignored="0" total="1" passed="1" failed="0" skipped="0">
  <reporter-output>
  </reporter-output>
  <suite started-at="2024-02-01T18:51:46 GMT-06:00" name="Default suite" finished-at="2024-02-01T18:51:48 GMT-06:00" duration-ms="2565">
    <groups>
    </groups>
    <test started-at="2024-02-01T18:51:46 GMT-06:00" name="Default test" finished-at="2024-02-01T18:51:48 GMT-06:00" duration-ms="2565">
      <class name="com.waystocreaterequest.UsingPOJODemo">
        <test-method signature="creatJSONfromPOJO()[pri:0, instance:com.waystocreaterequest.UsingPOJODemo@43f02ef2]" started-at="2024-02-01T18:51:46 GMT-06:00" name="creatJSONfromPOJO" finished-at="2024-02-01T18:51:48 GMT-06:00" duration-ms="2513" status="PASS">
          <reporter-output>
          </reporter-output>
        </test-method> <!-- creatJSONfromPOJO -->
      </class> <!-- com.waystocreaterequest.UsingPOJODemo -->
    </test> <!-- Default test -->
  </suite> <!-- Default suite -->
</testng-results>
